INFO	2024-01-25 16:27:46,966	0	org.example.Main	[main]	Attempting to add a game.Mario, 2020, run and jump, true
INFO	2024-01-25 16:27:48,359	1393	org.example.Main	[main]	Now retrieving all games: [Game{title='Mario', releaseYear='2020', description='run and jump', formatDigital='true'}]
INFO	2024-01-26 12:32:32,541	0	org.example.Main	[main]	Attempting to add a game.mario, 2020, run and jump, true
INFO	2024-01-26 12:32:34,915	2374	org.example.Main	[main]	Now retrieving all games: [Game{title='mario', releaseYear='2020', description='run and jump', formatDigital='true'}]
INFO	2024-01-26 13:01:08,730	1	org.example.Main	[main]	Attempting to add a game.Mario, 2023, Run and jump, true
INFO	2024-01-26 13:01:11,795	3066	org.example.Main	[main]	Now retrieving all games: [Game{title='Mario', releaseYear='2023', description='Run and jump', formatDigital='true'}]
INFO	2024-01-26 16:38:52,267	0	org.example.Main	[main]	Attempting to add a game.Mario, 2020, Run and jump, true
INFO	2024-01-26 16:38:53,219	952	org.example.Main	[main]	Now retrieving all games: [Game{title='Mario', releaseYear='2020', description='Run and jump', formatDigital='true'}]
INFO	2024-01-27 15:06:09,955	0	org.example.Main	[main]	Now retrieving all games: []
INFO	2024-01-27 15:19:45,845	0	org.example.Main	[main]	Now retrieving all games: []
INFO	2024-01-27 15:21:19,950	0	org.example.Main	[main]	Now retrieving all games: []
INFO	2024-01-27 15:48:13,741	0	org.example.Main	[main]	Attempting to add a game.title, 2020, description, true
INFO	2024-01-27 15:48:13,751	10	org.example.Main	[main]	Now retrieving all games: [Game{title='title', releaseYear='2020', description='description', formatDigital='true'}]
INFO	2024-01-27 15:48:31,191	0	org.example.Main	[main]	Attempting to add a game.title, 2020, description, true
INFO	2024-01-27 15:48:31,204	13	org.example.Main	[main]	Now retrieving all games: [Game{title='title', releaseYear='2020', description='description', formatDigital='true'}]
INFO	2024-01-27 15:48:47,396	0	org.example.Main	[main]	Attempting to add a game.title, 2020, description, true
INFO	2024-01-27 15:48:47,409	13	org.example.Main	[main]	Now retrieving all games: [Game{title='title', releaseYear='2020', description='description', formatDigital='true'}]
INFO	2024-01-27 15:48:55,202	0	org.example.Main	[main]	Now retrieving all games: []
INFO	2024-01-27 15:56:58,490	0	org.example.Main	[main]	Attempting to add a game.title, 2025, description, true
INFO	2024-01-27 15:57:22,934	0	org.example.Main	[main]	Attempting to add a game.title, 2024, description, true
INFO	2024-01-27 15:57:33,245	0	org.example.Main	[main]	Attempting to add a game.title, 2025, description, true
INFO	2024-01-28 15:07:49,058	0	org.example.Main	[main]	Attempting to add a game.title, 2025, description, true
INFO	2024-01-28 15:09:42,134	0	org.example.Main	[main]	Attempting to add a game.mario, 2020, run and jump, true
INFO	2024-01-28 15:12:50,360	0	org.example.Main	[main]	Attempting to add a game.title, 2025, description, true
INFO	2024-01-28 15:12:59,986	0	org.example.Main	[main]	Attempting to add a game.title, 2025, description, true
INFO	2024-01-28 15:13:11,077	0	org.example.Main	[main]	Attempting to add a game.title, 2025, description, true
INFO	2024-01-28 15:16:23,515	0	org.example.Main	[main]	Attempting to add a game.mario, 2020, runa nd jump, true
INFO	2024-01-28 15:23:11,130	0	org.example.Main	[main]	Attempting to add a game.title, 2025, description, true
INFO	2024-01-28 15:23:55,215	0	org.example.Main	[main]	Attempting to add a game.title, 2025, description, true
INFO	2024-01-28 15:25:49,128	0	org.example.Main	[main]	Attempting to add a game.title, 2025, description, true
INFO	2024-01-28 15:26:15,657	0	org.example.Main	[main]	Attempting to add a game.mario, 2020, run and jump, true
INFO	2024-01-28 15:26:16,730	1073	org.example.Main	[main]	Now retrieving all games: [Game{title='mario', releaseYear='2020', description='run and jump', formatDigital='true'}]
INFO	2024-01-28 15:27:25,757	0	org.example.Main	[main]	Attempting to add a game.mario, 2020, , true
INFO	2024-01-28 15:27:33,086	7329	org.example.Main	[main]	Attempting to add a game.zelda, 2019, yes, false
INFO	2024-01-28 15:27:35,703	9946	org.example.Main	[main]	Now retrieving all games: [Game{title='mario', releaseYear='2020', description='', formatDigital='true'}, Game{title='zelda', releaseYear='2019', description='yes', formatDigital='false'}]
INFO	2024-01-28 15:31:34,372	248615	org.example.Main	[main]	Now retrieving all games: [Game{title='mario', releaseYear='2020', description='', formatDigital='true'}, Game{title='zelda', releaseYear='2019', description='yes', formatDigital='false'}]
INFO	2024-01-28 15:38:58,906	0	org.example.Main	[main]	Attempting to add a game.mario, 2020, run abd jump, true
INFO	2024-01-28 15:39:17,572	0	org.example.Main	[main]	Attempting to add a game.marop, 2020, asdasdasd, true
INFO	2024-01-28 15:39:27,295	9723	org.example.Main	[main]	Attempting to add a game.zelda, 2020, djfhsapduhfag, false
INFO	2024-01-28 15:39:27,952	10380	org.example.Main	[main]	Now retrieving all games: [Game{title='marop', releaseYear='2020', description='asdasdasd', formatDigital='true'}, Game{title='zelda', releaseYear='2020', description='djfhsapduhfag', formatDigital='false'}]
INFO	2024-01-29 08:54:46,628	0	org.example.Main	[main]	Attempting to add a game.title, 2025, description, true
INFO	2024-01-29 08:55:24,679	1	org.example.Main	[main]	Now retrieving all games: []
INFO	2024-01-29 08:55:24,697	19	org.example.Main	[main]	Attempting to add a game.title, 2020, description, true
INFO	2024-01-29 08:55:24,708	30	org.example.Main	[main]	Now retrieving all games: [Game{title='title', releaseYear='2020', description='description', formatDigital='true'}]
INFO	2024-01-29 08:55:24,708	30	org.example.Main	[main]	Attempting to add a game.title, 2025, description, true
INFO	2024-01-29 08:55:41,814	0	org.example.Main	[main]	Attempting to add a game.title, 2025, description, true
INFO	2024-01-29 08:55:46,764	0	org.example.Main	[main]	Now retrieving all games: []
INFO	2024-01-29 08:55:46,776	12	org.example.Main	[main]	Attempting to add a game.title, 2020, description, true
INFO	2024-01-29 08:55:46,783	19	org.example.Main	[main]	Now retrieving all games: [Game{title='title', releaseYear='2020', description='description', formatDigital='true'}]
INFO	2024-01-29 08:55:46,783	19	org.example.Main	[main]	Attempting to add a game.title, 2025, description, true
INFO	2024-01-29 08:58:24,415	0	org.example.Main	[main]	Attempting to add a game.mario, 2, run and jump, true
INFO	2024-01-29 09:28:50,699	0	org.example.Main	[main]	Attempting to add a game.Mario, 2020, Run and jump, true
INFO	2024-01-29 09:29:09,472	18773	org.example.Main	[main]	Attempting to add a game.Zelda, 2019, Sword and shield, false
INFO	2024-01-29 09:29:13,245	22546	org.example.Main	[main]	Now retrieving all games: [Game{title='Mario', releaseYear='2020', description='Run and jump', formatDigital='true'}, Game{title='Zelda', releaseYear='2019', description='Sword and shield', formatDigital='false'}]
INFO	2024-01-29 09:30:30,462	0	org.example.Main	[main]	Attempting to add a game.mario, 2020, , true
INFO	2024-01-29 09:30:54,670	24208	org.example.Main	[main]	Attempting to add a game.zelda, 2020, , false
INFO	2024-01-29 09:31:42,369	0	org.example.Main	[main]	Now retrieving all games: []
INFO	2024-01-29 09:31:42,385	16	org.example.Main	[main]	Attempting to add a game.title, 2020, description, true
INFO	2024-01-29 09:31:42,397	28	org.example.Main	[main]	Now retrieving all games: [Game{title='title', releaseYear='2020', description='description', formatDigital='true'}]
INFO	2024-01-29 09:31:42,398	29	org.example.Main	[main]	Attempting to add a game.title, 2025, description, true
INFO	2024-01-29 09:32:48,031	137569	org.example.Main	[main]	Attempting to add a game., 2020, run and mario, true
INFO	2024-01-29 09:35:00,762	0	org.example.Main	[main]	Attempting to add a game.mario, 1, , true
INFO	2024-01-29 13:24:35,797	0	org.example.Main	[main]	Now retrieving all games: []
INFO	2024-01-29 13:24:35,819	22	org.example.Main	[main]	Attempting to add a game.title, 2020, description, true
INFO	2024-01-29 13:24:35,835	38	org.example.Main	[main]	Now retrieving all games: [Game{title='title', releaseYear='2020', description='description', formatDigital='true'}]
INFO	2024-01-29 13:24:35,836	39	org.example.Main	[main]	Attempting to add a game.title, 2025, description, true
INFO	2024-01-29 13:35:02,063	0	org.example.Main	[main]	Attempting to add a game.mario, 2020, run and jump, true
INFO	2024-01-29 13:35:04,643	2580	org.example.Main	[main]	Now retrieving all games: [Game{title='mario', releaseYear='2020', description='run and jump', formatDigital='true'}]
INFO	2024-01-29 13:36:49,929	0	org.example.Main	[main]	Attempting to add a game.mario, 2020, run, true
INFO	2024-01-29 14:05:08,554	0	org.example.Main	[main]	Attempting to add a game.mario, 2020, run and jump, true
INFO	2024-01-29 14:05:18,236	9682	org.example.Main	[main]	Attempting to add a game.zelda, 2019, sword and shield, false
INFO	2024-01-29 14:05:19,436	10882	org.example.Main	[main]	Now retrieving all games: [Game{title='mario', releaseYear='2020', description='run and jump', formatDigital='true'}, Game{title='zelda', releaseYear='2019', description='sword and shield', formatDigital='false'}]
INFO	2024-01-29 14:17:05,938	0	org.example.Main	[main]	Attempting to add a game.mario, 2020, run, true
INFO	2024-01-29 14:17:07,184	1246	org.example.Main	[main]	Now retrieving all games: [Game{title='mario', releaseYear='2020', description='run', formatDigital='true'}]
INFO	2024-01-29 14:19:34,621	0	org.example.Main	[main]	Attempting to add a game.mario, 2020, run, true
INFO	2024-01-29 14:19:35,380	759	org.example.Main	[main]	Now retrieving all games: [Game{title='mario', releaseYear='2020', description='run', formatDigital='true'}]
INFO	2024-01-29 14:20:07,944	33323	org.example.Main	[main]	Attempting to add a game.zelda, 2020, sword, false
INFO	2024-01-29 14:20:08,700	34079	org.example.Main	[main]	Now retrieving all games: [Game{title='mario', releaseYear='2020', description='run', formatDigital='true'}, Game{title='zelda', releaseYear='2020', description='sword', formatDigital='false'}]
INFO	2024-01-29 14:21:49,341	134720	org.example.Main	[main]	Now retrieving all games: [Game{title='mario', releaseYear='2020', description='run', formatDigital='true'}, Game{title='zelda', releaseYear='2020', description='sword', formatDigital='false'}]
INFO	2024-01-29 14:22:54,927	0	org.example.Main	[main]	Now retrieving all games: []
INFO	2024-01-29 14:23:01,782	6855	org.example.Main	[main]	Attempting to add a game.mario, 2020, run, true
INFO	2024-01-29 14:26:25,904	0	org.example.Main	[main]	Attempting to add a game.mario, 2020, run, true
INFO	2024-01-29 14:26:27,496	1592	org.example.Main	[main]	Now retrieving all games: [Game{title='mario', releaseYear='2020', description='run', formatDigital='true'}]
INFO	2024-01-29 14:26:48,422	22518	org.example.Main	[main]	Attempting to add a game.zelda, 2019, sword, false
INFO	2024-01-29 14:26:49,324	23420	org.example.Main	[main]	Now retrieving all games: [Game{title='mario', releaseYear='2020', description='run', formatDigital='true'}, Game{title='zelda', releaseYear='2019', description='sword', formatDigital='false'}]
INFO	2024-01-29 14:28:50,055	144151	org.example.Main	[main]	Now retrieving all games: [Game{title='mario', releaseYear='2020', description='run', formatDigital='true'}, Game{title='zelda', releaseYear='2019', description='sword', formatDigital='false'}]
INFO	2024-01-29 14:29:45,934	0	org.example.Main	[main]	Attempting to add a game.mario, 2020, run, true
INFO	2024-01-29 14:29:57,336	11402	org.example.Main	[main]	Attempting to add a game.zelda, 2019, sword, false
INFO	2024-01-29 14:29:58,658	12724	org.example.Main	[main]	Now retrieving all games: [Game{title='mario', releaseYear='2020', description='run', formatDigital='true'}, Game{title='zelda', releaseYear='2019', description='sword', formatDigital='false'}]
INFO	2024-01-29 14:37:02,049	0	org.example.Main	[main]	Attempting to add a game.mario, 2020, run, true
INFO	2024-01-29 14:37:15,641	13592	org.example.Main	[main]	Attempting to add a game.zelda, 2019, sword, false
INFO	2024-01-29 14:37:16,492	14443	org.example.Main	[main]	Now retrieving all games: [Game{title='mario', releaseYear='2020', description='run', formatDigital='true'}, Game{title='zelda', releaseYear='2019', description='sword', formatDigital='false'}]
INFO	2024-01-29 14:38:12,723	0	org.example.Main	[main]	Attempting to add a game.mario, 2020, run, true
INFO	2024-01-29 14:38:53,854	0	org.example.Main	[main]	Attempting to add a game.mario, 2020, run, true
INFO	2024-01-29 14:39:01,364	7510	org.example.Main	[main]	Attempting to add a game.zelda, 2019, sword, false
INFO	2024-01-29 14:39:02,301	8447	org.example.Main	[main]	Now retrieving all games: [Game{title='mario', releaseYear='2020', description='run', formatDigital='true'}, Game{title='zelda', releaseYear='2019', description='sword', formatDigital='false'}]
INFO	2024-01-29 14:51:45,139	0	org.example.Main	[main]	Attempting to add a game.mario, 2020, , true
INFO	2024-01-29 14:51:47,326	2187	org.example.Main	[main]	Now retrieving all games: [Game{title='mario', releaseYear='2020', description='', formatDigital='true'}]
INFO	2024-01-29 14:51:53,428	8289	org.example.Main	[main]	Attempting to add a game.mario2, 2020, , false
INFO	2024-01-29 14:51:55,234	10095	org.example.Main	[main]	Now retrieving all games: [Game{title='mario', releaseYear='2020', description='', formatDigital='true'}, Game{title='mario2', releaseYear='2020', description='', formatDigital='false'}]
INFO	2024-01-29 14:57:58,881	373742	org.example.Main	[main]	Now retrieving all games: [Game{title='mario', releaseYear='2020', description='', formatDigital='true'}, Game{title='mario2', releaseYear='2020', description='', formatDigital='false'}]
INFO	2024-01-29 14:58:09,601	384462	org.example.Main	[main]	Attempting to add a game.zelda, 2019, sword, false
INFO	2024-01-29 14:58:17,163	392024	org.example.Main	[main]	Now retrieving all games: [Game{title='mario', releaseYear='2020', description='', formatDigital='true'}, Game{title='mario2', releaseYear='2020', description='', formatDigital='false'}, Game{title='zelda', releaseYear='2019', description='sword', formatDigital='false'}]
INFO	2024-01-29 15:19:12,545	0	org.example.Main	[main]	Attempting to add a game.mario, 2020, run, false
INFO	2024-01-29 15:19:32,065	19520	org.example.Main	[main]	Attempting to add a game.mario, 2020, fun, false
INFO	2024-01-29 15:20:07,105	0	org.example.Main	[main]	Attempting to add a game.mario, 2020, run, false
INFO	2024-01-29 15:21:27,015	0	org.example.Main	[main]	Attempting to add a game.mario, 2020, , false
INFO	2024-01-29 15:22:47,215	0	org.example.Main	[main]	Attempting to add a game.mario, 2020, run and jump, true
INFO	2024-01-29 15:23:00,541	13326	org.example.Main	[main]	Attempting to add a game.zelda, 2020, sword and shield, false
INFO	2024-01-29 15:27:52,915	0	org.example.Main	[main]	Attempting to add a game.2020, 2020, , true
INFO	2024-01-29 15:27:53,959	1044	org.example.Main	[main]	Now retrieving all games: [Game{title='2020', releaseYear='2020', description='', formatDigital='true'}]
INFO	2024-01-29 15:28:15,319	22404	org.example.Main	[main]	Attempting to add a game.zelda, 2020, , false
INFO	2024-01-29 15:29:44,103	0	org.example.Main	[main]	Attempting to add a game.mario, 2020, run and jump, true
INFO	2024-01-29 15:29:54,600	10497	org.example.Main	[main]	Attempting to add a game.zelda, 2018, sword and shield, false
INFO	2024-01-29 15:30:28,516	0	org.example.Main	[main]	Attempting to add a game.mario, 2020, run, false
INFO	2024-01-29 15:32:42,709	0	org.example.Main	[main]	Attempting to add a game.mario, 2020, run and jump, false
INFO	2024-01-29 15:37:47,076	0	org.example.Main	[main]	Attempting to add a game.mario, 2020, run, true
INFO	2024-01-29 15:37:53,194	6118	org.example.Main	[main]	Attempting to add a game.zelda, 2019, , false
INFO	2024-01-29 15:39:56,250	0	org.example.Main	[main]	Attempting to add a game.mario, 2020, , true
INFO	2024-01-29 15:40:02,141	5891	org.example.Main	[main]	Attempting to add a game.zelda, 2019, , false
INFO	2024-01-29 15:40:44,757	0	org.example.Main	[main]	Attempting to add a game.mario, 2020, , true
INFO	2024-01-29 15:40:50,053	5296	org.example.Main	[main]	Attempting to add a game.zelda, 2019, , false
INFO	2024-01-29 15:40:51,646	6889	org.example.Main	[main]	Now retrieving all games: [Game{title='mario', releaseYear='2020', description='', formatDigital='true'}, Game{title='zelda', releaseYear='2019', description='', formatDigital='false'}]
INFO	2024-01-29 15:41:23,330	38573	org.example.Main	[main]	Attempting to add a game.metroid, 2022, , false
INFO	2024-01-29 15:41:24,887	40130	org.example.Main	[main]	Now retrieving all games: [Game{title='mario', releaseYear='2020', description='', formatDigital='true'}, Game{title='zelda', releaseYear='2019', description='', formatDigital='false'}, Game{title='metroid', releaseYear='2022', description='', formatDigital='false'}]
INFO	2024-01-29 15:42:02,497	77740	org.example.Main	[main]	Attempting to add a game.smash bros, 2017, , false
INFO	2024-01-29 15:42:04,424	79667	org.example.Main	[main]	Now retrieving all games: [Game{title='mario', releaseYear='2020', description='', formatDigital='true'}, Game{title='zelda', releaseYear='2019', description='', formatDigital='false'}, Game{title='metroid', releaseYear='2022', description='', formatDigital='false'}, Game{title='smash bros', releaseYear='2017', description='', formatDigital='false'}]
INFO	2024-01-29 15:44:53,854	0	org.example.Main	[main]	Attempting to add a game.mario, 2020, , false
INFO	2024-01-29 15:45:21,643	27789	org.example.Main	[main]	Now retrieving all games: [Game{title='mario', releaseYear='2020', description='', formatDigital='false'}]
INFO	2024-01-29 15:51:14,041	0	org.example.Main	[main]	Attempting to add a game.mario, 2020, , false
INFO	2024-01-29 15:51:25,494	11453	org.example.Main	[main]	Attempting to add a game.mario, 2020, , true
INFO	2024-01-29 15:51:31,696	17655	org.example.Main	[main]	Attempting to add a game.zelda, 2019, , false
INFO	2024-01-29 15:51:35,403	21362	org.example.Main	[main]	Now retrieving all games: [Game{title='mario', releaseYear='2020', description='', formatDigital='true'}]
